<?xml version="1.0" encoding="UTF-8"?>
<!-- Generated by org.testng.reporters.JUnitReportReporter -->
<testsuite skipped="0" hostname="DESKTOP-R2KE26K" name="com.mmt.tests.MMTHomepageTests" tests="1" failures="0" timestamp="2020-09-25T09:41:04 IST" time="5.294" errors="0">
  <testcase name="verifyApplicationLaunch" time="5.294" classname="com.mmt.tests.MMTHomepageTests"/>
  <system-out/>
</testsuite> <!-- com.mmt.tests.MMTHomepageTests -->
